Analysis & Synthesis report for PS6_ZAD2
Tue Apr 10 17:45:02 2018
Quartus Prime Version 17.1.0 Build 590 10/25/2017 SJ Lite Edition


---------------------
; Table of Contents ;
---------------------
  1. Legal Notice
  2. Analysis & Synthesis Summary
  3. Analysis & Synthesis Settings
  4. Parallel Compilation
  5. Analysis & Synthesis Source Files Read
  6. Analysis & Synthesis Resource Usage Summary
  7. Analysis & Synthesis Resource Utilization by Entity
  8. User-Specified and Inferred Latches
  9. General Register Statistics
 10. Parameter Settings for User Entity Instance: delay_1_sec:del|counter_mod_M:ex0
 11. Parameter Settings for User Entity Instance: delay_1_sec:del|counter_mod_M:ex1
 12. Parameter Settings for User Entity Instance: counter_modulo_k:ex01
 13. Parameter Settings for User Entity Instance: counter_modulo_k:ex11
 14. Parameter Settings for User Entity Instance: counter_modulo_k:ex21
 15. Port Connectivity Checks: "decoder_hex_10:d2"
 16. Port Connectivity Checks: "decoder_hex_10:d1"
 17. Port Connectivity Checks: "decoder_hex_10:d0"
 18. Port Connectivity Checks: "counter_modulo_k:ex21"
 19. Port Connectivity Checks: "counter_modulo_k:ex11"
 20. Port Connectivity Checks: "counter_modulo_k:ex01"
 21. Port Connectivity Checks: "delay_1_sec:del|counter_mod_M:ex1"
 22. Port Connectivity Checks: "delay_1_sec:del|counter_mod_M:ex0"
 23. Post-Synthesis Netlist Statistics for Top Partition
 24. Elapsed Time Per Partition
 25. Analysis & Synthesis Messages



----------------
; Legal Notice ;
----------------
Copyright (C) 2017  Intel Corporation. All rights reserved.
Your use of Intel Corporation's design tools, logic functions 
and other software and tools, and its AMPP partner logic 
functions, and any output files from any of the foregoing 
(including device programming or simulation files), and any 
associated documentation or information are expressly subject 
to the terms and conditions of the Intel Program License 
Subscription Agreement, the Intel Quartus Prime License Agreement,
the Intel FPGA IP License Agreement, or other applicable license
agreement, including, without limitation, that your use is for
the sole purpose of programming logic devices manufactured by
Intel and sold by Intel or its authorized distributors.  Please
refer to the applicable agreement for further details.



+-------------------------------------------------------------------------------+
; Analysis & Synthesis Summary                                                  ;
+---------------------------------+---------------------------------------------+
; Analysis & Synthesis Status     ; Successful - Tue Apr 10 17:45:02 2018       ;
; Quartus Prime Version           ; 17.1.0 Build 590 10/25/2017 SJ Lite Edition ;
; Revision Name                   ; PS6_ZAD2                                    ;
; Top-level Entity Name           ; PS6_ZAD2                                    ;
; Family                          ; Cyclone V                                   ;
; Logic utilization (in ALMs)     ; N/A                                         ;
; Total registers                 ; 39                                          ;
; Total pins                      ; 26                                          ;
; Total virtual pins              ; 0                                           ;
; Total block memory bits         ; 0                                           ;
; Total DSP Blocks                ; 0                                           ;
; Total HSSI RX PCSs              ; 0                                           ;
; Total HSSI PMA RX Deserializers ; 0                                           ;
; Total HSSI TX PCSs              ; 0                                           ;
; Total HSSI PMA TX Serializers   ; 0                                           ;
; Total PLLs                      ; 0                                           ;
; Total DLLs                      ; 0                                           ;
+---------------------------------+---------------------------------------------+


+---------------------------------------------------------------------------------------------------------------------------+
; Analysis & Synthesis Settings                                                                                             ;
+---------------------------------------------------------------------------------+--------------------+--------------------+
; Option                                                                          ; Setting            ; Default Value      ;
+---------------------------------------------------------------------------------+--------------------+--------------------+
; Device                                                                          ; 5CSEMA5F31C6       ;                    ;
; Top-level entity name                                                           ; PS6_ZAD2           ; PS6_ZAD2           ;
; Family name                                                                     ; Cyclone V          ; Cyclone V          ;
; Use smart compilation                                                           ; Off                ; Off                ;
; Enable parallel Assembler and TimeQuest Timing Analyzer during compilation      ; On                 ; On                 ;
; Enable compact report table                                                     ; Off                ; Off                ;
; Restructure Multiplexers                                                        ; Auto               ; Auto               ;
; MLAB Add Timing Constraints For Mixed-Port Feed-Through Mode Setting Don't Care ; Off                ; Off                ;
; Create Debugging Nodes for IP Cores                                             ; Off                ; Off                ;
; Preserve fewer node names                                                       ; On                 ; On                 ;
; Intel FPGA IP Evaluation Mode                                                   ; Enable             ; Enable             ;
; Verilog Version                                                                 ; Verilog_2001       ; Verilog_2001       ;
; VHDL Version                                                                    ; VHDL_1993          ; VHDL_1993          ;
; State Machine Processing                                                        ; Auto               ; Auto               ;
; Safe State Machine                                                              ; Off                ; Off                ;
; Extract Verilog State Machines                                                  ; On                 ; On                 ;
; Extract VHDL State Machines                                                     ; On                 ; On                 ;
; Ignore Verilog initial constructs                                               ; Off                ; Off                ;
; Iteration limit for constant Verilog loops                                      ; 5000               ; 5000               ;
; Iteration limit for non-constant Verilog loops                                  ; 250                ; 250                ;
; Add Pass-Through Logic to Inferred RAMs                                         ; On                 ; On                 ;
; Infer RAMs from Raw Logic                                                       ; On                 ; On                 ;
; Parallel Synthesis                                                              ; On                 ; On                 ;
; DSP Block Balancing                                                             ; Auto               ; Auto               ;
; NOT Gate Push-Back                                                              ; On                 ; On                 ;
; Power-Up Don't Care                                                             ; On                 ; On                 ;
; Remove Redundant Logic Cells                                                    ; Off                ; Off                ;
; Remove Duplicate Registers                                                      ; On                 ; On                 ;
; Ignore CARRY Buffers                                                            ; Off                ; Off                ;
; Ignore CASCADE Buffers                                                          ; Off                ; Off                ;
; Ignore GLOBAL Buffers                                                           ; Off                ; Off                ;
; Ignore ROW GLOBAL Buffers                                                       ; Off                ; Off                ;
; Ignore LCELL Buffers                                                            ; Off                ; Off                ;
; Ignore SOFT Buffers                                                             ; On                 ; On                 ;
; Limit AHDL Integers to 32 Bits                                                  ; Off                ; Off                ;
; Optimization Technique                                                          ; Balanced           ; Balanced           ;
; Carry Chain Length                                                              ; 70                 ; 70                 ;
; Auto Carry Chains                                                               ; On                 ; On                 ;
; Auto Open-Drain Pins                                                            ; On                 ; On                 ;
; Perform WYSIWYG Primitive Resynthesis                                           ; Off                ; Off                ;
; Auto ROM Replacement                                                            ; On                 ; On                 ;
; Auto RAM Replacement                                                            ; On                 ; On                 ;
; Auto DSP Block Replacement                                                      ; On                 ; On                 ;
; Auto Shift Register Replacement                                                 ; Auto               ; Auto               ;
; Allow Shift Register Merging across Hierarchies                                 ; Auto               ; Auto               ;
; Auto Clock Enable Replacement                                                   ; On                 ; On                 ;
; Strict RAM Replacement                                                          ; Off                ; Off                ;
; Allow Synchronous Control Signals                                               ; On                 ; On                 ;
; Force Use of Synchronous Clear Signals                                          ; Off                ; Off                ;
; Auto Resource Sharing                                                           ; Off                ; Off                ;
; Allow Any RAM Size For Recognition                                              ; Off                ; Off                ;
; Allow Any ROM Size For Recognition                                              ; Off                ; Off                ;
; Allow Any Shift Register Size For Recognition                                   ; Off                ; Off                ;
; Use LogicLock Constraints during Resource Balancing                             ; On                 ; On                 ;
; Ignore translate_off and synthesis_off directives                               ; Off                ; Off                ;
; Timing-Driven Synthesis                                                         ; On                 ; On                 ;
; Report Parameter Settings                                                       ; On                 ; On                 ;
; Report Source Assignments                                                       ; On                 ; On                 ;
; Report Connectivity Checks                                                      ; On                 ; On                 ;
; Ignore Maximum Fan-Out Assignments                                              ; Off                ; Off                ;
; Synchronization Register Chain Length                                           ; 3                  ; 3                  ;
; Power Optimization During Synthesis                                             ; Normal compilation ; Normal compilation ;
; HDL message level                                                               ; Level2             ; Level2             ;
; Suppress Register Optimization Related Messages                                 ; Off                ; Off                ;
; Number of Removed Registers Reported in Synthesis Report                        ; 5000               ; 5000               ;
; Number of Swept Nodes Reported in Synthesis Report                              ; 5000               ; 5000               ;
; Number of Inverted Registers Reported in Synthesis Report                       ; 100                ; 100                ;
; Clock MUX Protection                                                            ; On                 ; On                 ;
; Auto Gated Clock Conversion                                                     ; Off                ; Off                ;
; Block Design Naming                                                             ; Auto               ; Auto               ;
; SDC constraint protection                                                       ; Off                ; Off                ;
; Synthesis Effort                                                                ; Auto               ; Auto               ;
; Shift Register Replacement - Allow Asynchronous Clear Signal                    ; On                 ; On                 ;
; Pre-Mapping Resynthesis Optimization                                            ; Off                ; Off                ;
; Analysis & Synthesis Message Level                                              ; Medium             ; Medium             ;
; Disable Register Merging Across Hierarchies                                     ; Auto               ; Auto               ;
; Resource Aware Inference For Block RAM                                          ; On                 ; On                 ;
; Automatic Parallel Synthesis                                                    ; On                 ; On                 ;
; Partial Reconfiguration Bitstream ID                                            ; Off                ; Off                ;
+---------------------------------------------------------------------------------+--------------------+--------------------+


+------------------------------------------+
; Parallel Compilation                     ;
+----------------------------+-------------+
; Processors                 ; Number      ;
+----------------------------+-------------+
; Number detected on machine ; 8           ;
; Maximum allowed            ; 4           ;
;                            ;             ;
; Average used               ; 1.00        ;
; Maximum used               ; 4           ;
;                            ;             ;
; Usage by Processor         ; % Time Used ;
;     Processor 1            ; 100.0%      ;
;     Processor 2            ;   0.0%      ;
;     Processors 3-4         ;   0.0%      ;
+----------------------------+-------------+


+---------------------------------------------------------------------------------------------------------------------------------------+
; Analysis & Synthesis Source Files Read                                                                                                ;
+----------------------------------+-----------------+------------------------+-----------------------------------------------+---------+
; File Name with User-Entered Path ; Used in Netlist ; File Type              ; File Name with Absolute Path                  ; Library ;
+----------------------------------+-----------------+------------------------+-----------------------------------------------+---------+
; PS6_ZAD2.v                       ; yes             ; User Verilog HDL File  ; C:/Users/Kamil/Dropbox/sw/PS6/zad2/PS6_ZAD2.v ;         ;
+----------------------------------+-----------------+------------------------+-----------------------------------------------+---------+


+--------------------------------------------------------------+
; Analysis & Synthesis Resource Usage Summary                  ;
+---------------------------------------------+----------------+
; Resource                                    ; Usage          ;
+---------------------------------------------+----------------+
; Estimate of Logic utilization (ALMs needed) ; 52             ;
;                                             ;                ;
; Combinational ALUT usage for logic          ; 96             ;
;     -- 7 input functions                    ; 0              ;
;     -- 6 input functions                    ; 8              ;
;     -- 5 input functions                    ; 3              ;
;     -- 4 input functions                    ; 28             ;
;     -- <=3 input functions                  ; 57             ;
;                                             ;                ;
; Dedicated logic registers                   ; 39             ;
;                                             ;                ;
; I/O pins                                    ; 26             ;
;                                             ;                ;
; Total DSP Blocks                            ; 0              ;
;                                             ;                ;
; Maximum fan-out node                        ; CLOCK_50~input ;
; Maximum fan-out                             ; 27             ;
; Total fan-out                               ; 478            ;
; Average fan-out                             ; 2.56           ;
+---------------------------------------------+----------------+


+---------------------------------------------------------------------------------------------------------------------------------------------------------------------------------------------------------------------+
; Analysis & Synthesis Resource Utilization by Entity                                                                                                                                                                 ;
+----------------------------+---------------------+---------------------------+-------------------+------------+------+--------------+---------------------------------------------+------------------+--------------+
; Compilation Hierarchy Node ; Combinational ALUTs ; Dedicated Logic Registers ; Block Memory Bits ; DSP Blocks ; Pins ; Virtual Pins ; Full Hierarchy Name                         ; Entity Name      ; Library Name ;
+----------------------------+---------------------+---------------------------+-------------------+------------+------+--------------+---------------------------------------------+------------------+--------------+
; |PS6_ZAD2                  ; 96 (2)              ; 39 (0)                    ; 0                 ; 0          ; 26   ; 0            ; |PS6_ZAD2                                   ; PS6_ZAD2         ; work         ;
;    |counter_modulo_k:ex01| ; 4 (4)               ; 4 (4)                     ; 0                 ; 0          ; 0    ; 0            ; |PS6_ZAD2|counter_modulo_k:ex01             ; counter_modulo_k ; work         ;
;    |counter_modulo_k:ex11| ; 4 (4)               ; 4 (4)                     ; 0                 ; 0          ; 0    ; 0            ; |PS6_ZAD2|counter_modulo_k:ex11             ; counter_modulo_k ; work         ;
;    |counter_modulo_k:ex21| ; 5 (5)               ; 4 (4)                     ; 0                 ; 0          ; 0    ; 0            ; |PS6_ZAD2|counter_modulo_k:ex21             ; counter_modulo_k ; work         ;
;    |decoder_hex_10:d0|     ; 15 (15)             ; 0 (0)                     ; 0                 ; 0          ; 0    ; 0            ; |PS6_ZAD2|decoder_hex_10:d0                 ; decoder_hex_10   ; work         ;
;    |decoder_hex_10:d1|     ; 15 (15)             ; 0 (0)                     ; 0                 ; 0          ; 0    ; 0            ; |PS6_ZAD2|decoder_hex_10:d1                 ; decoder_hex_10   ; work         ;
;    |decoder_hex_10:d2|     ; 15 (15)             ; 0 (0)                     ; 0                 ; 0          ; 0    ; 0            ; |PS6_ZAD2|decoder_hex_10:d2                 ; decoder_hex_10   ; work         ;
;    |delay_1_sec:del|       ; 36 (0)              ; 27 (0)                    ; 0                 ; 0          ; 0    ; 0            ; |PS6_ZAD2|delay_1_sec:del                   ; delay_1_sec      ; work         ;
;       |counter_mod_M:ex0|  ; 32 (32)             ; 26 (26)                   ; 0                 ; 0          ; 0    ; 0            ; |PS6_ZAD2|delay_1_sec:del|counter_mod_M:ex0 ; counter_mod_M    ; work         ;
;       |counter_mod_M:ex1|  ; 4 (4)               ; 1 (1)                     ; 0                 ; 0          ; 0    ; 0            ; |PS6_ZAD2|delay_1_sec:del|counter_mod_M:ex1 ; counter_mod_M    ; work         ;
+----------------------------+---------------------+---------------------------+-------------------+------------+------+--------------+---------------------------------------------+------------------+--------------+
Note: For table entries with two numbers listed, the numbers in parentheses indicate the number of resources of the given type used by the specific entity alone. The numbers listed outside of parentheses indicate the total resources of the given type used by the specific entity and all of its sub-entities in the hierarchy.


+------------------------------------------------------------------------------------------------------------+
; User-Specified and Inferred Latches                                                                        ;
+-----------------------------------------------------+-----------------------------+------------------------+
; Latch Name                                          ; Latch Enable Signal         ; Free of Timing Hazards ;
+-----------------------------------------------------+-----------------------------+------------------------+
; decoder_hex_10:d0|HEX0[6]                           ; decoder_hex_10:d0|LessThan0 ; yes                    ;
; decoder_hex_10:d0|HEX0[5]                           ; decoder_hex_10:d0|LessThan0 ; yes                    ;
; decoder_hex_10:d0|HEX0[4]                           ; decoder_hex_10:d0|LessThan0 ; yes                    ;
; decoder_hex_10:d0|HEX0[3]                           ; decoder_hex_10:d0|LessThan0 ; yes                    ;
; decoder_hex_10:d0|HEX0[2]                           ; decoder_hex_10:d0|LessThan0 ; yes                    ;
; decoder_hex_10:d0|HEX0[1]                           ; decoder_hex_10:d0|LessThan0 ; yes                    ;
; decoder_hex_10:d0|HEX0[0]                           ; decoder_hex_10:d0|LessThan0 ; yes                    ;
; decoder_hex_10:d1|HEX0[6]                           ; decoder_hex_10:d1|LessThan0 ; yes                    ;
; decoder_hex_10:d1|HEX0[5]                           ; decoder_hex_10:d1|LessThan0 ; yes                    ;
; decoder_hex_10:d1|HEX0[4]                           ; decoder_hex_10:d1|LessThan0 ; yes                    ;
; decoder_hex_10:d1|HEX0[3]                           ; decoder_hex_10:d1|LessThan0 ; yes                    ;
; decoder_hex_10:d1|HEX0[2]                           ; decoder_hex_10:d1|LessThan0 ; yes                    ;
; decoder_hex_10:d1|HEX0[1]                           ; decoder_hex_10:d1|LessThan0 ; yes                    ;
; decoder_hex_10:d1|HEX0[0]                           ; decoder_hex_10:d1|LessThan0 ; yes                    ;
; decoder_hex_10:d2|HEX0[6]                           ; decoder_hex_10:d2|LessThan0 ; yes                    ;
; decoder_hex_10:d2|HEX0[5]                           ; decoder_hex_10:d2|LessThan0 ; yes                    ;
; decoder_hex_10:d2|HEX0[4]                           ; decoder_hex_10:d2|LessThan0 ; yes                    ;
; decoder_hex_10:d2|HEX0[3]                           ; decoder_hex_10:d2|LessThan0 ; yes                    ;
; decoder_hex_10:d2|HEX0[2]                           ; decoder_hex_10:d2|LessThan0 ; yes                    ;
; decoder_hex_10:d2|HEX0[1]                           ; decoder_hex_10:d2|LessThan0 ; yes                    ;
; decoder_hex_10:d2|HEX0[0]                           ; decoder_hex_10:d2|LessThan0 ; yes                    ;
; Number of user-specified and inferred latches = 21  ;                             ;                        ;
+-----------------------------------------------------+-----------------------------+------------------------+
Note: All latches listed above may not be present at the end of synthesis due to various synthesis optimizations.


+------------------------------------------------------+
; General Register Statistics                          ;
+----------------------------------------------+-------+
; Statistic                                    ; Value ;
+----------------------------------------------+-------+
; Total registers                              ; 39    ;
; Number of registers using Synchronous Clear  ; 26    ;
; Number of registers using Synchronous Load   ; 0     ;
; Number of registers using Asynchronous Clear ; 12    ;
; Number of registers using Asynchronous Load  ; 0     ;
; Number of registers using Clock Enable       ; 0     ;
; Number of registers using Preset             ; 0     ;
+----------------------------------------------+-------+


+--------------------------------------------------------------------------------+
; Parameter Settings for User Entity Instance: delay_1_sec:del|counter_mod_M:ex0 ;
+----------------+----------+----------------------------------------------------+
; Parameter Name ; Value    ; Type                                               ;
+----------------+----------+----------------------------------------------------+
; M              ; 50000000 ; Signed Integer                                     ;
+----------------+----------+----------------------------------------------------+
Note: In order to hide this table in the UI and the text report file, please set the "Show Parameter Settings in Synthesis Report" option in "Analysis and Synthesis Settings -> More Settings" to "Off".


+--------------------------------------------------------------------------------+
; Parameter Settings for User Entity Instance: delay_1_sec:del|counter_mod_M:ex1 ;
+----------------+-------+-------------------------------------------------------+
; Parameter Name ; Value ; Type                                                  ;
+----------------+-------+-------------------------------------------------------+
; M              ; 2     ; Signed Integer                                        ;
+----------------+-------+-------------------------------------------------------+
Note: In order to hide this table in the UI and the text report file, please set the "Show Parameter Settings in Synthesis Report" option in "Analysis and Synthesis Settings -> More Settings" to "Off".


+--------------------------------------------------------------------+
; Parameter Settings for User Entity Instance: counter_modulo_k:ex01 ;
+----------------+-------+-------------------------------------------+
; Parameter Name ; Value ; Type                                      ;
+----------------+-------+-------------------------------------------+
; M              ; 10    ; Signed Integer                            ;
+----------------+-------+-------------------------------------------+
Note: In order to hide this table in the UI and the text report file, please set the "Show Parameter Settings in Synthesis Report" option in "Analysis and Synthesis Settings -> More Settings" to "Off".


+--------------------------------------------------------------------+
; Parameter Settings for User Entity Instance: counter_modulo_k:ex11 ;
+----------------+-------+-------------------------------------------+
; Parameter Name ; Value ; Type                                      ;
+----------------+-------+-------------------------------------------+
; M              ; 10    ; Signed Integer                            ;
+----------------+-------+-------------------------------------------+
Note: In order to hide this table in the UI and the text report file, please set the "Show Parameter Settings in Synthesis Report" option in "Analysis and Synthesis Settings -> More Settings" to "Off".


+--------------------------------------------------------------------+
; Parameter Settings for User Entity Instance: counter_modulo_k:ex21 ;
+----------------+-------+-------------------------------------------+
; Parameter Name ; Value ; Type                                      ;
+----------------+-------+-------------------------------------------+
; M              ; 10    ; Signed Integer                            ;
+----------------+-------+-------------------------------------------+
Note: In order to hide this table in the UI and the text report file, please set the "Show Parameter Settings in Synthesis Report" option in "Analysis and Synthesis Settings -> More Settings" to "Off".


+-------------------------------------------------------------------------------------------------------------------------------------+
; Port Connectivity Checks: "decoder_hex_10:d2"                                                                                       ;
+------+--------+----------+----------------------------------------------------------------------------------------------------------+
; Port ; Type   ; Severity ; Details                                                                                                  ;
+------+--------+----------+----------------------------------------------------------------------------------------------------------+
; E    ; Output ; Warning  ; Declared by entity but not connected by instance. Logic that only feeds a dangling port will be removed. ;
+------+--------+----------+----------------------------------------------------------------------------------------------------------+


+-------------------------------------------------------------------------------------------------------------------------------------+
; Port Connectivity Checks: "decoder_hex_10:d1"                                                                                       ;
+------+--------+----------+----------------------------------------------------------------------------------------------------------+
; Port ; Type   ; Severity ; Details                                                                                                  ;
+------+--------+----------+----------------------------------------------------------------------------------------------------------+
; E    ; Output ; Warning  ; Declared by entity but not connected by instance. Logic that only feeds a dangling port will be removed. ;
+------+--------+----------+----------------------------------------------------------------------------------------------------------+


+-------------------------------------------------------------------------------------------------------------------------------------+
; Port Connectivity Checks: "decoder_hex_10:d0"                                                                                       ;
+------+--------+----------+----------------------------------------------------------------------------------------------------------+
; Port ; Type   ; Severity ; Details                                                                                                  ;
+------+--------+----------+----------------------------------------------------------------------------------------------------------+
; E    ; Output ; Warning  ; Declared by entity but not connected by instance. Logic that only feeds a dangling port will be removed. ;
+------+--------+----------+----------------------------------------------------------------------------------------------------------+


+---------------------------------------------------+
; Port Connectivity Checks: "counter_modulo_k:ex21" ;
+--------+-------+----------+-----------------------+
; Port   ; Type  ; Severity ; Details               ;
+--------+-------+----------+-----------------------+
; enable ; Input ; Info     ; Stuck at VCC          ;
+--------+-------+----------+-----------------------+


+---------------------------------------------------+
; Port Connectivity Checks: "counter_modulo_k:ex11" ;
+--------+-------+----------+-----------------------+
; Port   ; Type  ; Severity ; Details               ;
+--------+-------+----------+-----------------------+
; enable ; Input ; Info     ; Stuck at VCC          ;
+--------+-------+----------+-----------------------+


+---------------------------------------------------+
; Port Connectivity Checks: "counter_modulo_k:ex01" ;
+--------+-------+----------+-----------------------+
; Port   ; Type  ; Severity ; Details               ;
+--------+-------+----------+-----------------------+
; enable ; Input ; Info     ; Stuck at VCC          ;
+--------+-------+----------+-----------------------+


+---------------------------------------------------------------+
; Port Connectivity Checks: "delay_1_sec:del|counter_mod_M:ex1" ;
+------+-------+----------+-------------------------------------+
; Port ; Type  ; Severity ; Details                             ;
+------+-------+----------+-------------------------------------+
; aclr ; Input ; Info     ; Stuck at VCC                        ;
+------+-------+----------+-------------------------------------+


+---------------------------------------------------------------+
; Port Connectivity Checks: "delay_1_sec:del|counter_mod_M:ex0" ;
+--------+-------+----------+-----------------------------------+
; Port   ; Type  ; Severity ; Details                           ;
+--------+-------+----------+-----------------------------------+
; aclr   ; Input ; Info     ; Stuck at VCC                      ;
; enable ; Input ; Info     ; Stuck at VCC                      ;
+--------+-------+----------+-----------------------------------+


+-----------------------------------------------------+
; Post-Synthesis Netlist Statistics for Top Partition ;
+-----------------------+-----------------------------+
; Type                  ; Count                       ;
+-----------------------+-----------------------------+
; arriav_ff             ; 39                          ;
;     CLR               ; 12                          ;
;     SCLR              ; 26                          ;
;     plain             ; 1                           ;
; arriav_lcell_comb     ; 98                          ;
;     arith             ; 26                          ;
;         1 data inputs ; 26                          ;
;     normal            ; 72                          ;
;         0 data inputs ; 1                           ;
;         1 data inputs ; 2                           ;
;         2 data inputs ; 3                           ;
;         3 data inputs ; 27                          ;
;         4 data inputs ; 28                          ;
;         5 data inputs ; 3                           ;
;         6 data inputs ; 8                           ;
; boundary_port         ; 26                          ;
;                       ;                             ;
; Max LUT depth         ; 3.50                        ;
; Average LUT depth     ; 2.14                        ;
+-----------------------+-----------------------------+


+-------------------------------+
; Elapsed Time Per Partition    ;
+----------------+--------------+
; Partition Name ; Elapsed Time ;
+----------------+--------------+
; Top            ; 00:00:00     ;
+----------------+--------------+


+-------------------------------+
; Analysis & Synthesis Messages ;
+-------------------------------+
Info: *******************************************************************
Info: Running Quartus Prime Analysis & Synthesis
    Info: Version 17.1.0 Build 590 10/25/2017 SJ Lite Edition
    Info: Processing started: Tue Apr 10 17:44:47 2018
Info: Command: quartus_map --read_settings_files=on --write_settings_files=off PS6_ZAD2 -c PS6_ZAD2
Warning (18236): Number of processors has not been specified which may cause overloading on shared machines.  Set the global assignment NUM_PARALLEL_PROCESSORS in your QSF to an appropriate value for best performance.
Info (20030): Parallel compilation is enabled and will use 4 of the 4 processors detected
Info (12021): Found 5 design units, including 5 entities, in source file ps6_zad2.v
    Info (12023): Found entity 1: counter_modulo_k File: C:/Users/Kamil/Dropbox/sw/PS6/zad2/PS6_ZAD2.v Line: 1
    Info (12023): Found entity 2: delay_1_sec File: C:/Users/Kamil/Dropbox/sw/PS6/zad2/PS6_ZAD2.v Line: 33
    Info (12023): Found entity 3: PS6_ZAD2 File: C:/Users/Kamil/Dropbox/sw/PS6/zad2/PS6_ZAD2.v Line: 48
    Info (12023): Found entity 4: decoder_hex_10 File: C:/Users/Kamil/Dropbox/sw/PS6/zad2/PS6_ZAD2.v Line: 68
    Info (12023): Found entity 5: counter_mod_M File: C:/Users/Kamil/Dropbox/sw/PS6/zad2/PS6_ZAD2.v Line: 99
Warning (10236): Verilog HDL Implicit Net warning at PS6_ZAD2.v(73): created implicit net for "LEDR" File: C:/Users/Kamil/Dropbox/sw/PS6/zad2/PS6_ZAD2.v Line: 73
Info (12127): Elaborating entity "PS6_ZAD2" for the top level hierarchy
Warning (10034): Output port "LEDR[1]" at PS6_ZAD2.v(52) has no driver File: C:/Users/Kamil/Dropbox/sw/PS6/zad2/PS6_ZAD2.v Line: 52
Info (12128): Elaborating entity "delay_1_sec" for hierarchy "delay_1_sec:del" File: C:/Users/Kamil/Dropbox/sw/PS6/zad2/PS6_ZAD2.v Line: 57
Info (12128): Elaborating entity "counter_mod_M" for hierarchy "delay_1_sec:del|counter_mod_M:ex0" File: C:/Users/Kamil/Dropbox/sw/PS6/zad2/PS6_ZAD2.v Line: 40
Info (12128): Elaborating entity "counter_mod_M" for hierarchy "delay_1_sec:del|counter_mod_M:ex1" File: C:/Users/Kamil/Dropbox/sw/PS6/zad2/PS6_ZAD2.v Line: 44
Info (12128): Elaborating entity "counter_modulo_k" for hierarchy "counter_modulo_k:ex01" File: C:/Users/Kamil/Dropbox/sw/PS6/zad2/PS6_ZAD2.v Line: 59
Info (12128): Elaborating entity "decoder_hex_10" for hierarchy "decoder_hex_10:d0" File: C:/Users/Kamil/Dropbox/sw/PS6/zad2/PS6_ZAD2.v Line: 63
Warning (10036): Verilog HDL or VHDL warning at PS6_ZAD2.v(73): object "LEDR" assigned a value but never read File: C:/Users/Kamil/Dropbox/sw/PS6/zad2/PS6_ZAD2.v Line: 73
Warning (10230): Verilog HDL assignment warning at PS6_ZAD2.v(73): truncated value with size 4 to match size of target (1) File: C:/Users/Kamil/Dropbox/sw/PS6/zad2/PS6_ZAD2.v Line: 73
Warning (10240): Verilog HDL Always Construct warning at PS6_ZAD2.v(75): inferring latch(es) for variable "HEX0", which holds its previous value in one or more paths through the always construct File: C:/Users/Kamil/Dropbox/sw/PS6/zad2/PS6_ZAD2.v Line: 75
Info (10041): Inferred latch for "HEX0[6]" at PS6_ZAD2.v(81) File: C:/Users/Kamil/Dropbox/sw/PS6/zad2/PS6_ZAD2.v Line: 81
Info (10041): Inferred latch for "HEX0[5]" at PS6_ZAD2.v(81) File: C:/Users/Kamil/Dropbox/sw/PS6/zad2/PS6_ZAD2.v Line: 81
Info (10041): Inferred latch for "HEX0[4]" at PS6_ZAD2.v(81) File: C:/Users/Kamil/Dropbox/sw/PS6/zad2/PS6_ZAD2.v Line: 81
Info (10041): Inferred latch for "HEX0[3]" at PS6_ZAD2.v(81) File: C:/Users/Kamil/Dropbox/sw/PS6/zad2/PS6_ZAD2.v Line: 81
Info (10041): Inferred latch for "HEX0[2]" at PS6_ZAD2.v(81) File: C:/Users/Kamil/Dropbox/sw/PS6/zad2/PS6_ZAD2.v Line: 81
Info (10041): Inferred latch for "HEX0[1]" at PS6_ZAD2.v(81) File: C:/Users/Kamil/Dropbox/sw/PS6/zad2/PS6_ZAD2.v Line: 81
Info (10041): Inferred latch for "HEX0[0]" at PS6_ZAD2.v(81) File: C:/Users/Kamil/Dropbox/sw/PS6/zad2/PS6_ZAD2.v Line: 81
Warning (12241): 3 hierarchies have connectivity warnings - see the Connectivity Checks report folder
Warning (13012): Latch decoder_hex_10:d0|HEX0[6] has unsafe behavior File: C:/Users/Kamil/Dropbox/sw/PS6/zad2/PS6_ZAD2.v Line: 81
    Warning (13013): Ports D and ENA on the latch are fed by the same signal counter_modulo_k:ex01|Q[1] File: C:/Users/Kamil/Dropbox/sw/PS6/zad2/PS6_ZAD2.v Line: 17
Warning (13012): Latch decoder_hex_10:d0|HEX0[5] has unsafe behavior File: C:/Users/Kamil/Dropbox/sw/PS6/zad2/PS6_ZAD2.v Line: 81
    Warning (13013): Ports D and ENA on the latch are fed by the same signal counter_modulo_k:ex01|Q[1] File: C:/Users/Kamil/Dropbox/sw/PS6/zad2/PS6_ZAD2.v Line: 17
Warning (13012): Latch decoder_hex_10:d0|HEX0[4] has unsafe behavior File: C:/Users/Kamil/Dropbox/sw/PS6/zad2/PS6_ZAD2.v Line: 81
    Warning (13013): Ports D and ENA on the latch are fed by the same signal counter_modulo_k:ex01|Q[1] File: C:/Users/Kamil/Dropbox/sw/PS6/zad2/PS6_ZAD2.v Line: 17
Warning (13012): Latch decoder_hex_10:d0|HEX0[3] has unsafe behavior File: C:/Users/Kamil/Dropbox/sw/PS6/zad2/PS6_ZAD2.v Line: 81
    Warning (13013): Ports D and ENA on the latch are fed by the same signal counter_modulo_k:ex01|Q[1] File: C:/Users/Kamil/Dropbox/sw/PS6/zad2/PS6_ZAD2.v Line: 17
Warning (13012): Latch decoder_hex_10:d0|HEX0[2] has unsafe behavior File: C:/Users/Kamil/Dropbox/sw/PS6/zad2/PS6_ZAD2.v Line: 81
    Warning (13013): Ports D and ENA on the latch are fed by the same signal counter_modulo_k:ex01|Q[1] File: C:/Users/Kamil/Dropbox/sw/PS6/zad2/PS6_ZAD2.v Line: 17
Warning (13012): Latch decoder_hex_10:d0|HEX0[1] has unsafe behavior File: C:/Users/Kamil/Dropbox/sw/PS6/zad2/PS6_ZAD2.v Line: 81
    Warning (13013): Ports D and ENA on the latch are fed by the same signal counter_modulo_k:ex01|Q[1] File: C:/Users/Kamil/Dropbox/sw/PS6/zad2/PS6_ZAD2.v Line: 17
Warning (13012): Latch decoder_hex_10:d0|HEX0[0] has unsafe behavior File: C:/Users/Kamil/Dropbox/sw/PS6/zad2/PS6_ZAD2.v Line: 81
    Warning (13013): Ports D and ENA on the latch are fed by the same signal counter_modulo_k:ex01|Q[1] File: C:/Users/Kamil/Dropbox/sw/PS6/zad2/PS6_ZAD2.v Line: 17
Warning (13012): Latch decoder_hex_10:d1|HEX0[6] has unsafe behavior File: C:/Users/Kamil/Dropbox/sw/PS6/zad2/PS6_ZAD2.v Line: 81
    Warning (13013): Ports D and ENA on the latch are fed by the same signal counter_modulo_k:ex11|Q[1] File: C:/Users/Kamil/Dropbox/sw/PS6/zad2/PS6_ZAD2.v Line: 17
Warning (13012): Latch decoder_hex_10:d1|HEX0[5] has unsafe behavior File: C:/Users/Kamil/Dropbox/sw/PS6/zad2/PS6_ZAD2.v Line: 81
    Warning (13013): Ports D and ENA on the latch are fed by the same signal counter_modulo_k:ex11|Q[1] File: C:/Users/Kamil/Dropbox/sw/PS6/zad2/PS6_ZAD2.v Line: 17
Warning (13012): Latch decoder_hex_10:d1|HEX0[4] has unsafe behavior File: C:/Users/Kamil/Dropbox/sw/PS6/zad2/PS6_ZAD2.v Line: 81
    Warning (13013): Ports D and ENA on the latch are fed by the same signal counter_modulo_k:ex11|Q[1] File: C:/Users/Kamil/Dropbox/sw/PS6/zad2/PS6_ZAD2.v Line: 17
Warning (13012): Latch decoder_hex_10:d1|HEX0[3] has unsafe behavior File: C:/Users/Kamil/Dropbox/sw/PS6/zad2/PS6_ZAD2.v Line: 81
    Warning (13013): Ports D and ENA on the latch are fed by the same signal counter_modulo_k:ex11|Q[1] File: C:/Users/Kamil/Dropbox/sw/PS6/zad2/PS6_ZAD2.v Line: 17
Warning (13012): Latch decoder_hex_10:d1|HEX0[2] has unsafe behavior File: C:/Users/Kamil/Dropbox/sw/PS6/zad2/PS6_ZAD2.v Line: 81
    Warning (13013): Ports D and ENA on the latch are fed by the same signal counter_modulo_k:ex11|Q[1] File: C:/Users/Kamil/Dropbox/sw/PS6/zad2/PS6_ZAD2.v Line: 17
Warning (13012): Latch decoder_hex_10:d1|HEX0[1] has unsafe behavior File: C:/Users/Kamil/Dropbox/sw/PS6/zad2/PS6_ZAD2.v Line: 81
    Warning (13013): Ports D and ENA on the latch are fed by the same signal counter_modulo_k:ex11|Q[1] File: C:/Users/Kamil/Dropbox/sw/PS6/zad2/PS6_ZAD2.v Line: 17
Warning (13012): Latch decoder_hex_10:d1|HEX0[0] has unsafe behavior File: C:/Users/Kamil/Dropbox/sw/PS6/zad2/PS6_ZAD2.v Line: 81
    Warning (13013): Ports D and ENA on the latch are fed by the same signal counter_modulo_k:ex11|Q[1] File: C:/Users/Kamil/Dropbox/sw/PS6/zad2/PS6_ZAD2.v Line: 17
Warning (13012): Latch decoder_hex_10:d2|HEX0[6] has unsafe behavior File: C:/Users/Kamil/Dropbox/sw/PS6/zad2/PS6_ZAD2.v Line: 81
    Warning (13013): Ports D and ENA on the latch are fed by the same signal counter_modulo_k:ex21|Q[1] File: C:/Users/Kamil/Dropbox/sw/PS6/zad2/PS6_ZAD2.v Line: 17
Warning (13012): Latch decoder_hex_10:d2|HEX0[5] has unsafe behavior File: C:/Users/Kamil/Dropbox/sw/PS6/zad2/PS6_ZAD2.v Line: 81
    Warning (13013): Ports D and ENA on the latch are fed by the same signal counter_modulo_k:ex21|Q[1] File: C:/Users/Kamil/Dropbox/sw/PS6/zad2/PS6_ZAD2.v Line: 17
Warning (13012): Latch decoder_hex_10:d2|HEX0[4] has unsafe behavior File: C:/Users/Kamil/Dropbox/sw/PS6/zad2/PS6_ZAD2.v Line: 81
    Warning (13013): Ports D and ENA on the latch are fed by the same signal counter_modulo_k:ex21|Q[1] File: C:/Users/Kamil/Dropbox/sw/PS6/zad2/PS6_ZAD2.v Line: 17
Warning (13012): Latch decoder_hex_10:d2|HEX0[3] has unsafe behavior File: C:/Users/Kamil/Dropbox/sw/PS6/zad2/PS6_ZAD2.v Line: 81
    Warning (13013): Ports D and ENA on the latch are fed by the same signal counter_modulo_k:ex21|Q[1] File: C:/Users/Kamil/Dropbox/sw/PS6/zad2/PS6_ZAD2.v Line: 17
Warning (13012): Latch decoder_hex_10:d2|HEX0[2] has unsafe behavior File: C:/Users/Kamil/Dropbox/sw/PS6/zad2/PS6_ZAD2.v Line: 81
    Warning (13013): Ports D and ENA on the latch are fed by the same signal counter_modulo_k:ex21|Q[1] File: C:/Users/Kamil/Dropbox/sw/PS6/zad2/PS6_ZAD2.v Line: 17
Warning (13012): Latch decoder_hex_10:d2|HEX0[1] has unsafe behavior File: C:/Users/Kamil/Dropbox/sw/PS6/zad2/PS6_ZAD2.v Line: 81
    Warning (13013): Ports D and ENA on the latch are fed by the same signal counter_modulo_k:ex21|Q[1] File: C:/Users/Kamil/Dropbox/sw/PS6/zad2/PS6_ZAD2.v Line: 17
Warning (13012): Latch decoder_hex_10:d2|HEX0[0] has unsafe behavior File: C:/Users/Kamil/Dropbox/sw/PS6/zad2/PS6_ZAD2.v Line: 81
    Warning (13013): Ports D and ENA on the latch are fed by the same signal counter_modulo_k:ex21|Q[1] File: C:/Users/Kamil/Dropbox/sw/PS6/zad2/PS6_ZAD2.v Line: 17
Warning (13024): Output pins are stuck at VCC or GND
    Warning (13410): Pin "LEDR[1]" is stuck at GND File: C:/Users/Kamil/Dropbox/sw/PS6/zad2/PS6_ZAD2.v Line: 52
Info (286030): Timing-Driven Synthesis is running
Info (16010): Generating hard_block partition "hard_block:auto_generated_inst"
    Info (16011): Adding 0 node(s), including 0 DDIO, 0 PLL, 0 transceiver and 0 LCELL
Warning (21074): Design contains 1 input pin(s) that do not drive logic
    Warning (15610): No output dependent on input pin "KEY[1]" File: C:/Users/Kamil/Dropbox/sw/PS6/zad2/PS6_ZAD2.v Line: 50
Info (21057): Implemented 122 device resources after synthesis - the final resource count might be different
    Info (21058): Implemented 3 input pins
    Info (21059): Implemented 23 output pins
    Info (21061): Implemented 96 logic cells
Info: Quartus Prime Analysis & Synthesis was successful. 0 errors, 53 warnings
    Info: Peak virtual memory: 776 megabytes
    Info: Processing ended: Tue Apr 10 17:45:02 2018
    Info: Elapsed time: 00:00:15
    Info: Total CPU time (on all processors): 00:00:32


